================================================================================
Symbol Table: Global                                         Parent: null
--------------------------------------------------------------------------------
Name            Type            Category    Init Val    Size    Offset  Nest
--------------------------------------------------------------------------------
0x2490820       local       test            0       2           4       null
0x24908c0       temp        t00             4       2           4       null
0x2490c70       local       d               8       2.3         8       null
0x2490d40       temp        t01             16      2.3         8       null
0x2491120       local       i               24                  4       null
0x2491270       local       a               28      4           4       null
0x2491310       temp        t02             32      4           4       null
0x24916c0       local       p               36                  4       null
0x2491830       local       b               40                  4       null
0x2491980       function    func            44                  0       func
0x2491dc0       local       c               44                  1       null
0x2491f10       function    main            45                  4       main
--------------------------------------------------------------------------------

================================================================================
Symbol Table: func                                           Parent: Global
--------------------------------------------------------------------------------
Name            Type            Category    Init Val    Size    Offset  Nest
--------------------------------------------------------------------------------
0x2491b20       param       i               0                   4       null
0x2491c70       param       d               4                   8       null
--------------------------------------------------------------------------------

================================================================================
Symbol Table: main                                           Parent: Global
--------------------------------------------------------------------------------
Name            Type            Category    Init Val    Size    Offset  Nest
--------------------------------------------------------------------------------
0x2491f10       local       retVal          0                   4       null
0x2492250       local       e               4       2.3         8       null
0x2492320       temp        t00             12      2.3         8       null
0x2492720       local       f               20                  4       null
0x2492890       local       r               24      4           4       null
0x2492930       temp        t01             28      4           4       null
0x2492ce0       local       q               32                  4       null
0x2492e50       local       y               36                  4       null
0x2492fc0       local       h               40                  1       null
--------------------------------------------------------------------------------

==============================
Quad-Translation
------------------------------
	0   :	t00 = 2
	1   :	test = t00
	2   :	t01 = 2.3
	3   :	d = t01
	4   :	t02 = 4
	5   :	a = t02

main: 

	7   :	t00 = 2.3
	8   :	e = t00
	9   :	t01 = 4
	10  :	r = t01
------------------------------
