================================================================================
Symbol Table: Global                                         Parent: null
--------------------------------------------------------------------------------
Name            Type            Category    Init Val    Size    Offset  Nest
--------------------------------------------------------------------------------
0x23e3820       function    main            0                   4       main
--------------------------------------------------------------------------------

================================================================================
Symbol Table: main                                           Parent: Global
--------------------------------------------------------------------------------
Name            Type            Category    Init Val    Size    Offset  Nest
--------------------------------------------------------------------------------
0x23e3820       local       retVal          0                   4       null
0x23e3b60       local       k               4                   4       null
0x23e3c20       local       mat             8                   4       null
0x23e3db0       temp        t00             12      4           4       null
0x23e4040       temp        t01             16      5           4       null
0x23e4300       temp        t02             20                  8       null
0x23e4510       temp        t03             28                  8       null
0x23e4720       temp        t04             36                  8       null
0x23e48c0       temp        t05             44      6           4       null
0x23e4b50       temp        t06             48                  4       null
0x23e4d70       temp        t07             52      3           4       null
0x23e5000       temp        t08             56      5           4       null
0x23e52c0       temp        t09             60                  8       null
0x23e54d0       temp        t10             68                  8       null
0x23e56e0       temp        t11             76                  8       null
0x23e5880       temp        t12             84      6           4       null
0x23e5b10       temp        t13             88                  4       null
0x23e5d30       temp        t14             92      4           4       null
0x23e5fc0       temp        t15             96      5           4       null
0x23e6280       temp        t16             100                 8       null
0x23e6490       temp        t17             108                 8       null
0x23e66a0       temp        t18             116                 8       null
0x23e6990       temp        t19             124     4           4       null
0x23e6c20       temp        t20             128     5           4       null
0x23e6ee0       temp        t21             132                 8       null
0x23e70f0       temp        t22             140                 8       null
0x23e7300       temp        t23             148                 8       null
0x23e74d0       temp        t24             156                 8       null
0x23e78c0       temp        t25             164     4           4       null
0x23e7b50       temp        t26             168     5           4       null
0x23e7e10       temp        t27             172                 8       null
0x23e8020       temp        t28             180                 8       null
0x23e8230       temp        t29             188                 8       null
0x23e8490       temp        t30             196     3           4       null
0x23e8720       temp        t31             200     5           4       null
0x23e89e0       temp        t32             204                 8       null
0x23e8bf0       temp        t33             212                 8       null
0x23e8e00       temp        t34             220                 8       null
0x23e9000       temp        t35             228                 4       null
0x23e9190       temp        t36             232                 4       null
0x23e9330       temp        t37             236                 4       null
--------------------------------------------------------------------------------

==============================
Quad-Translation
------------------------------

main: 

	1   :	t00 = 4
	2   :	t01 = 5
	3   :	t02 = t02 * 1
	4   :	t02 = t00 * 8
	5   :	t02 = t03 + t02
	6   :	t03 = t01 * 8
	7   :	t04 = t02
	8   :	t05 = 6
	9   :	mat = t05
	10  :	t07 = 3
	11  :	t08 = 5
	12  :	t09 = t09 * 1
	13  :	t09 = t07 * 8
	14  :	t09 = t10 + t09
	15  :	t10 = t08 * 8
	16  :	t11 = t09
	17  :	t12 = 6
	18  :	mat = t12
	19  :	t14 = 4
	20  :	t15 = 5
	21  :	t16 = t16 * 1
	22  :	t16 = t14 * 8
	23  :	t16 = t17 + t16
	24  :	t17 = t15 * 8
	25  :	t18 = t16
	26  :	mat = mat + 1
	27  :	t19 = 4
	28  :	t20 = 5
	29  :	t21 = t21 * 1
	30  :	t21 = t19 * 8
	31  :	t21 = t22 + t21
	32  :	t22 = t20 * 8
	33  :	t23 = t21
	34  :	t24 = mat[t23]
	35  :	t24 = t24 - 1
	36  :	mat[t23] = t24
	37  :	t25 = 4
	38  :	t26 = 5
	39  :	t27 = t27 * 1
	40  :	t27 = t25 * 8
	41  :	t27 = t28 + t27
	42  :	t28 = t26 * 8
	43  :	t29 = t27
	44  :	t30 = 3
	45  :	t31 = 5
	46  :	t32 = t32 * 1
	47  :	t32 = t30 * 8
	48  :	t32 = t33 + t32
	49  :	t33 = t31 * 8
	50  :	t34 = t32
	51  :	t36 = mat + mat
	52  :	k = t36
------------------------------
